<?xml version="1.0" encoding="UTF-8" ?>
<testsuite tests="5" failures="0" name="observer.ObserverTest" time="0.084" errors="0" skipped="0">
  <properties>
[...]
</properties>
  <testcase classname="observer.ObserverTest" name="registerTest" time="0.078"/>
  <testcase classname="observer.ObserverTest" name="resetNotificationsTest" time="0.001"/>
  <testcase classname="observer.ObserverTest" name="setNotificationsTest" time="0.001"/>
  <testcase classname="observer.ObserverTest" name="incrementNotificationsTest" time="0.002"/>
  <testcase classname="observer.ObserverTest" name="incrementAndResetNotificationsTest" time="0.002"/>
</testsuite>